<?xml version="1.0" encoding="UTF-8"?>
<testsuite name="CoinTest" tests="4" skipped="0" failures="0" errors="0" timestamp="2016-04-21T17:42:24" hostname="epicodus-117.local" time="0.001">
  <properties/>
  <testcase name="convertCents_returnNickel_one" classname="CoinTest" time="0.001"/>
  <testcase name="convertCents_returnPenny_one" classname="CoinTest" time="0.0"/>
  <testcase name="convertCents_returnDime_two" classname="CoinTest" time="0.0"/>
  <testcase name="convertCents_returnQuarter_three" classname="CoinTest" time="0.0"/>
  <system-out><![CDATA[]]></system-out>
  <system-err><![CDATA[]]></system-err>
</testsuite>
